<?xml version="1.0" encoding="UTF-8"?>
<!-- Generated by org.testng.reporters.JUnitReportReporter -->
<testsuite skipped="0" hostname="Sularis-MacBook-Pro.local" name="com.qa.test.Registration" tests="1" failures="0" timestamp="2020-10-06T12:39:41 MYT" time="9.409" errors="0">
  <testcase name="registration" time="9.409" classname="com.qa.test.Registration"/>
  <system-out/>
</testsuite> <!-- com.qa.test.Registration -->
