<?xml version="1.0" encoding="UTF-8"?>
<!-- Generated by org.testng.reporters.JUnitReportReporter -->
<testsuite skipped="0" hostname="Sularis-MacBook-Pro.local" name="com.qa.test.Registration" tests="1" failures="0" timestamp="2020-10-07T12:31:18 MYT" time="11.866" errors="0">
  <testcase name="registration" time="11.866" classname="com.qa.test.Registration"/>
  <system-out/>
</testsuite> <!-- com.qa.test.Registration -->
