<?xml version="1.0" encoding="UTF-8"?>
<!-- Generated by org.testng.reporters.JUnitReportReporter -->
<testsuite skipped="0" hostname="Sularis-MacBook-Pro.local" name="com.qa.test.Registration" tests="1" failures="0" timestamp="2020-10-07T13:47:15 MYT" time="16.728" errors="0">
  <testcase name="registration" time="16.728" classname="com.qa.test.Registration"/>
  <system-out/>
</testsuite> <!-- com.qa.test.Registration -->
